Using pre-set license
Built from '2020.3/staging' branch; Version is '2020.3.14f1 (d0d1bb862f9d) revision 13685179'; Using compiler version '192528614'; Build Type 'Release'
OS: 'Windows 10 Home Single Language; OS build 19043.1110; Version 2009; 64bit' Language: 'en' Physical Memory: 32610 MB
BatchMode: 1, IsHumanControllingUs: 0, StartBugReporterOnCrash: 0, Is64bit: 1, IsPro: 0

 COMMAND LINE ARGUMENTS:
D:\2020.3.14f1\Editor\Unity.exe
-adb2
-batchMode
-noUpm
-name
AssetImportWorker0
-projectPath
D:/Projects/2D-Snake Co-Op/Co-Op Snake
-logFile
Logs/AssetImportWorker0.log
-srvPort
61598
Successfully changed project path to: D:/Projects/2D-Snake Co-Op/Co-Op Snake
D:/Projects/2D-Snake Co-Op/Co-Op Snake
Using Asset Import Pipeline V2.
Refreshing native plugins compatible for Editor in 75.59 ms, found 3 plugins.
Preloading 0 native plugins for Editor in 0.00 ms.
Initialize engine version: 2020.3.14f1 (d0d1bb862f9d)
[Subsystems] Discovering subsystems at path D:/2020.3.14f1/Editor/Data/Resources/UnitySubsystems
[Subsystems] Discovering subsystems at path D:/Projects/2D-Snake Co-Op/Co-Op Snake/Assets
GfxDevice: creating device client; threaded=0
Direct3D:
    Version:  Direct3D 11.0 [level 11.1]
    Renderer: NVIDIA GeForce GTX 1050 Ti (ID=0x1c8c)
    Vendor:   
    VRAM:     4019 MB
    Driver:   30.0.14.7168
Initialize mono
Mono path[0] = 'D:/2020.3.14f1/Editor/Data/Managed'
Mono path[1] = 'D:/2020.3.14f1/Editor/Data/MonoBleedingEdge/lib/mono/unityjit'
Mono config path = 'D:/2020.3.14f1/Editor/Data/MonoBleedingEdge/etc'
Using monoOptions --debugger-agent=transport=dt_socket,embedding=1,server=y,suspend=n,address=127.0.0.1:56692
Begin MonoManager ReloadAssembly
Registering precompiled unity dll's ...
Register platform support module: D:/2020.3.14f1/Editor/Data/PlaybackEngines/WindowsStandaloneSupport/UnityEditor.WindowsStandalone.Extensions.dll
Registered in 0.002219 seconds.
Native extension for WindowsStandalone target not found
Refreshing native plugins compatible for Editor in 106.45 ms, found 3 plugins.
Preloading 0 native plugins for Editor in 0.00 ms.
Mono: successfully reloaded assembly
- Completed reload, in  2.215 seconds
Domain Reload Profiling:
	ReloadAssembly (2216ms)
		BeginReloadAssembly (98ms)
			ExecutionOrderSort (0ms)
			DisableScriptedObjects (0ms)
			BackupInstance (0ms)
			ReleaseScriptingObjects (0ms)
			CreateAndSetChildDomain (1ms)
		EndReloadAssembly (748ms)
			LoadAssemblies (98ms)
			RebuildTransferFunctionScriptingTraits (0ms)
			SetupTypeCache (273ms)
			ReleaseScriptCaches (0ms)
			RebuildScriptCaches (62ms)
			SetupLoadedEditorAssemblies (294ms)
				LogAssemblyErrors (0ms)
				InitializePlatformSupportModulesInManaged (6ms)
				SetLoadedEditorAssemblies (0ms)
				RefreshPlugins (107ms)
				BeforeProcessingInitializeOnLoad (31ms)
				ProcessInitializeOnLoadAttributes (102ms)
				ProcessInitializeOnLoadMethodAttributes (47ms)
				AfterProcessingInitializeOnLoad (0ms)
				EditorAssembliesLoaded (0ms)
			ExecutionOrderSort2 (0ms)
			AwakeInstancesAfterBackupRestoration (0ms)
Platform modules already initialized, skipping
Registering precompiled user dll's ...
Registered in 0.006992 seconds.
Begin MonoManager ReloadAssembly
Native extension for WindowsStandalone target not found
Refreshing native plugins compatible for Editor in 71.05 ms, found 3 plugins.
Preloading 0 native plugins for Editor in 0.00 ms.
Mono: successfully reloaded assembly
- Completed reload, in  1.938 seconds
Domain Reload Profiling:
	ReloadAssembly (1939ms)
		BeginReloadAssembly (290ms)
			ExecutionOrderSort (0ms)
			DisableScriptedObjects (7ms)
			BackupInstance (0ms)
			ReleaseScriptingObjects (0ms)
			CreateAndSetChildDomain (27ms)
		EndReloadAssembly (1552ms)
			LoadAssemblies (209ms)
			RebuildTransferFunctionScriptingTraits (0ms)
			SetupTypeCache (519ms)
			ReleaseScriptCaches (1ms)
			RebuildScriptCaches (80ms)
			SetupLoadedEditorAssemblies (509ms)
				LogAssemblyErrors (0ms)
				InitializePlatformSupportModulesInManaged (6ms)
				SetLoadedEditorAssemblies (0ms)
				RefreshPlugins (71ms)
				BeforeProcessingInitializeOnLoad (121ms)
				ProcessInitializeOnLoadAttributes (290ms)
				ProcessInitializeOnLoadMethodAttributes (17ms)
				AfterProcessingInitializeOnLoad (4ms)
				EditorAssembliesLoaded (0ms)
			ExecutionOrderSort2 (0ms)
			AwakeInstancesAfterBackupRestoration (9ms)
Platform modules already initialized, skipping
========================================================================
Worker process is ready to serve import requests
Launched and connected shader compiler UnityShaderCompiler.exe after 0.09 seconds
Refreshing native plugins compatible for Editor in 1.11 ms, found 3 plugins.
Preloading 0 native plugins for Editor in 0.00 ms.
Unloading 2084 Unused Serialized files (Serialized files now loaded: 0)
System memory in use before: 92.9 MB.
System memory in use after: 92.8 MB.

Unloading 33 unused Assets to reduce memory usage. Loaded Objects now: 2517.
Total: 6.363600 ms (FindLiveObjects: 0.406000 ms CreateObjectMapping: 0.189800 ms MarkObjects: 5.466100 ms  DeleteObjects: 0.298600 ms)

AssetImportParameters requested are different than current active one (requested -> active):
  custom:framework-win-MediaFoundation: 216162199b28c13a410421893ffa2e32 -> 
  custom:video-decoder-ogg-theora: a1e56fd34408186e4bbccfd4996cb3dc -> 
  custom:container-muxer-webm: aa71ff27fc2769a1b78a27578f13a17b -> 
  custom:container-demuxer-webm: 4f35f7cbe854078d1ac9338744f61a02 -> 
  custom:container-demuxer-ogg: 62fdf1f143b41e24485cea50d1cbac27 -> 
  custom:video-encoder-webm-vp8: eb34c28f22e8b96e1ab97ce403110664 -> 
  custom:video-decoder-webm-vp8: 9c59270c3fd7afecdb556c50c9e8de78 -> 
  custom:audio-decoder-ogg-vorbis: bf7c407c2cedff20999df2af8eb42d56 -> 
  custom:audio-encoder-webm-vorbis: bf7c407c2cedff20999df2af8eb42d56 -> 
========================================================================
Received Import Request.
  path: Assets/Scenes
  artifactKey: Guid(c29b4707cf3fe3d4aa3f65cca4bb87c1) Importer(815301076,1909f56bfc062723c751e8b465ee728b)
Start importing Assets/Scenes using Guid(c29b4707cf3fe3d4aa3f65cca4bb87c1) Importer(815301076,1909f56bfc062723c751e8b465ee728b)  -> (artifact id: 'e3274868a110ef2a08a22576ef6d75aa') in 0.009413 seconds 
  Import took 0.017142 seconds .

========================================================================
Received Import Request.
  Time since last request: 21.364090 seconds.
  path: Assets/SnakePack
  artifactKey: Guid(d51bc0638eef6d245951968402042a76) Importer(815301076,1909f56bfc062723c751e8b465ee728b)
Start importing Assets/SnakePack using Guid(d51bc0638eef6d245951968402042a76) Importer(815301076,1909f56bfc062723c751e8b465ee728b)  -> (artifact id: '6a3065aa6b809156ade410b79ea24d33') in 0.005360 seconds 
  Import took 0.011113 seconds .

========================================================================
Received Import Request.
  Time since last request: 0.139913 seconds.
  path: Assets/SnakePack/FoodApple.png
  artifactKey: Guid(aec46477eb520e74fbec9c69ca56de85) Importer(815301076,1909f56bfc062723c751e8b465ee728b)
Start importing Assets/SnakePack/FoodApple.png using Guid(aec46477eb520e74fbec9c69ca56de85) Importer(815301076,1909f56bfc062723c751e8b465ee728b)  -> (artifact id: '3b1280cf71efb08b5a775436a770efed') in 0.220761 seconds 
  Import took 0.225040 seconds .

========================================================================
Received Import Request.
  Time since last request: 0.000428 seconds.
  path: Assets/SnakePack/SnakeHead.png
  artifactKey: Guid(98b1d971d6b28c54f91b09ccfa8ed350) Importer(815301076,1909f56bfc062723c751e8b465ee728b)
Start importing Assets/SnakePack/SnakeHead.png using Guid(98b1d971d6b28c54f91b09ccfa8ed350) Importer(815301076,1909f56bfc062723c751e8b465ee728b)  -> (artifact id: '277385df364aa1c74a3f42b3a43e0743') in 0.020749 seconds 
  Import took 0.025130 seconds .

========================================================================
Received Import Request.
  Time since last request: 0.000312 seconds.
  path: Assets/SnakePack/SnakeBody.png
  artifactKey: Guid(6204ce0fbb1c4194da876f5edf882acf) Importer(815301076,1909f56bfc062723c751e8b465ee728b)
Start importing Assets/SnakePack/SnakeBody.png using Guid(6204ce0fbb1c4194da876f5edf882acf) Importer(815301076,1909f56bfc062723c751e8b465ee728b)  -> (artifact id: 'e21d06e4039401b27971d4a40f48213e') in 0.018528 seconds 
  Import took 0.025092 seconds .

========================================================================
Received Import Request.
  Time since last request: 0.000310 seconds.
  path: Assets/SnakePack/White_1x1.png
  artifactKey: Guid(721c5b0f36ad8ff428c737fff04028d1) Importer(815301076,1909f56bfc062723c751e8b465ee728b)
Start importing Assets/SnakePack/White_1x1.png using Guid(721c5b0f36ad8ff428c737fff04028d1) Importer(815301076,1909f56bfc062723c751e8b465ee728b)  -> (artifact id: '35ce1477f7ad9fa2983d71d0f80c3512') in 0.019432 seconds 
  Import took 0.024479 seconds .

========================================================================
Received Import Request.
  Time since last request: 0.002254 seconds.
  path: Assets/SnakePack/White_1x1.png
  artifactKey: Guid(721c5b0f36ad8ff428c737fff04028d1) Importer(815301076,1909f56bfc062723c751e8b465ee728b)
Start importing Assets/SnakePack/White_1x1.png using Guid(721c5b0f36ad8ff428c737fff04028d1) Importer(815301076,1909f56bfc062723c751e8b465ee728b)  -> (artifact id: '35ce1477f7ad9fa2983d71d0f80c3512') in 0.017590 seconds 
  Import took 0.025368 seconds .

========================================================================
Received Import Request.
  Time since last request: 942.447336 seconds.
  path: Assets/Scenes/SampleScene.unity
  artifactKey: Guid(2cda990e2423bbf4892e6590ba056729) Importer(815301076,1909f56bfc062723c751e8b465ee728b)
Start importing Assets/Scenes/SampleScene.unity using Guid(2cda990e2423bbf4892e6590ba056729) Importer(815301076,1909f56bfc062723c751e8b465ee728b)  -> (artifact id: 'aa27944bdea339c97c39027c7eea529c') in 0.003297 seconds 
  Import took 0.006920 seconds .

========================================================================
Received Import Request.
  Time since last request: 8.849492 seconds.
  path: Assets/Scenes/GameScene.unity
  artifactKey: Guid(2cda990e2423bbf4892e6590ba056729) Importer(815301076,1909f56bfc062723c751e8b465ee728b)
Start importing Assets/Scenes/GameScene.unity using Guid(2cda990e2423bbf4892e6590ba056729) Importer(815301076,1909f56bfc062723c751e8b465ee728b)  -> (artifact id: 'd84ec865cfaf3bf13acd15927523344c') in 0.003093 seconds 
  Import took 0.006794 seconds .

========================================================================
Received Import Request.
  Time since last request: 308.262454 seconds.
  path: Assets/Assets
  artifactKey: Guid(d51bc0638eef6d245951968402042a76) Importer(815301076,1909f56bfc062723c751e8b465ee728b)
Start importing Assets/Assets using Guid(d51bc0638eef6d245951968402042a76) Importer(815301076,1909f56bfc062723c751e8b465ee728b)  -> (artifact id: '40ac4298f2fbded882aecf91fa5fc46b') in 0.003947 seconds 
  Import took 0.008808 seconds .

========================================================================
Received Import Request.
  Time since last request: 4.280572 seconds.
  path: Assets/PowerUps
  artifactKey: Guid(6f9a6113e4cfe6146a1332796794bcae) Importer(815301076,1909f56bfc062723c751e8b465ee728b)
Start importing Assets/PowerUps using Guid(6f9a6113e4cfe6146a1332796794bcae) Importer(815301076,1909f56bfc062723c751e8b465ee728b)  -> (artifact id: '9425847bd4c36a0217c4033f70b324b0') in 0.003554 seconds 
  Import took 0.007565 seconds .

========================================================================
Received Import Request.
  Time since last request: 0.054606 seconds.
  path: Assets/PowerUps/bolt_bronze.png
  artifactKey: Guid(a63ed6de9993b354687e3cbf86c56b11) Importer(815301076,1909f56bfc062723c751e8b465ee728b)
Start importing Assets/PowerUps/bolt_bronze.png using Guid(a63ed6de9993b354687e3cbf86c56b11) Importer(815301076,1909f56bfc062723c751e8b465ee728b)  -> (artifact id: 'cb771c9e4b5b626f54778aea7bbe508b') in 0.013188 seconds 
  Import took 0.016809 seconds .

========================================================================
Received Import Request.
  Time since last request: 0.000365 seconds.
  path: Assets/PowerUps/shield_silver.png
  artifactKey: Guid(fe1aeaae805ee1b4ba14754a4599f616) Importer(815301076,1909f56bfc062723c751e8b465ee728b)
Start importing Assets/PowerUps/shield_silver.png using Guid(fe1aeaae805ee1b4ba14754a4599f616) Importer(815301076,1909f56bfc062723c751e8b465ee728b)  -> (artifact id: '51b133ec797eb69fd62d30f07faa54e4') in 0.014317 seconds 
  Import took 0.017933 seconds .

========================================================================
Received Import Request.
  Time since last request: 0.000278 seconds.
  path: Assets/PowerUps/bolt_gold.png
  artifactKey: Guid(07c44fa288e2d3f4fa1041b31dc1ec3e) Importer(815301076,1909f56bfc062723c751e8b465ee728b)
Start importing Assets/PowerUps/bolt_gold.png using Guid(07c44fa288e2d3f4fa1041b31dc1ec3e) Importer(815301076,1909f56bfc062723c751e8b465ee728b)  -> (artifact id: '08c4bf55571438c4d223aeed4febaa9f') in 0.013934 seconds 
  Import took 0.018555 seconds .

========================================================================
Received Import Request.
  Time since last request: 0.000348 seconds.
  path: Assets/PowerUps/shield_gold.png
  artifactKey: Guid(c35fb9a8eaa9c7a43bda95f9ecb4ddb1) Importer(815301076,1909f56bfc062723c751e8b465ee728b)
Start importing Assets/PowerUps/shield_gold.png using Guid(c35fb9a8eaa9c7a43bda95f9ecb4ddb1) Importer(815301076,1909f56bfc062723c751e8b465ee728b)  -> (artifact id: '24ac4e4776a884ce1cf90af706670545') in 0.013008 seconds 
  Import took 0.017626 seconds .

========================================================================
Received Import Request.
  Time since last request: 0.000357 seconds.
  path: Assets/PowerUps/shield_bronze.png
  artifactKey: Guid(06fdd9e1a46f75d4baa2243c2c493d36) Importer(815301076,1909f56bfc062723c751e8b465ee728b)
Start importing Assets/PowerUps/shield_bronze.png using Guid(06fdd9e1a46f75d4baa2243c2c493d36) Importer(815301076,1909f56bfc062723c751e8b465ee728b)  -> (artifact id: '5ea5c609a4b28fe62fcd6b66574e39ce') in 0.012554 seconds 
  Import took 0.017149 seconds .

========================================================================
Received Import Request.
  Time since last request: 0.000305 seconds.
  path: Assets/PowerUps/powerupBlue_bolt.png
  artifactKey: Guid(70bad36070fbd9544a8a9eda21dfe1e1) Importer(815301076,1909f56bfc062723c751e8b465ee728b)
Start importing Assets/PowerUps/powerupBlue_bolt.png using Guid(70bad36070fbd9544a8a9eda21dfe1e1) Importer(815301076,1909f56bfc062723c751e8b465ee728b)  -> (artifact id: '0bcb4e6cae3901a2d84aa59b2fea5b4c') in 0.013605 seconds 
  Import took 0.018391 seconds .

========================================================================
Received Import Request.
  Time since last request: 0.000381 seconds.
  path: Assets/PowerUps/powerupGreen_star.png
  artifactKey: Guid(8fb216c56d5dcff44b4d51326fa0696e) Importer(815301076,1909f56bfc062723c751e8b465ee728b)
Start importing Assets/PowerUps/powerupGreen_star.png using Guid(8fb216c56d5dcff44b4d51326fa0696e) Importer(815301076,1909f56bfc062723c751e8b465ee728b)  -> (artifact id: '02b49b497c0c9e7700388d54b1b4878b') in 0.011699 seconds 
  Import took 0.016384 seconds .

========================================================================
Received Import Request.
  Time since last request: 0.000285 seconds.
  path: Assets/PowerUps/powerupRed_star.png
  artifactKey: Guid(8182f69653985fa4a83b2ab1ef9b022d) Importer(815301076,1909f56bfc062723c751e8b465ee728b)
Start importing Assets/PowerUps/powerupRed_star.png using Guid(8182f69653985fa4a83b2ab1ef9b022d) Importer(815301076,1909f56bfc062723c751e8b465ee728b)  -> (artifact id: '129301f528ad224a55c1d84ac3e41f1f') in 0.011770 seconds 
  Import took 0.016179 seconds .

========================================================================
Received Import Request.
  Time since last request: 0.000405 seconds.
  path: Assets/PowerUps/powerupGreen_star.png
  artifactKey: Guid(8fb216c56d5dcff44b4d51326fa0696e) Importer(815301076,1909f56bfc062723c751e8b465ee728b)
Start importing Assets/PowerUps/powerupGreen_star.png using Guid(8fb216c56d5dcff44b4d51326fa0696e) Importer(815301076,1909f56bfc062723c751e8b465ee728b)  -> (artifact id: '02b49b497c0c9e7700388d54b1b4878b') in 0.012525 seconds 
  Import took 0.016835 seconds .

========================================================================
Received Import Request.
  Time since last request: 0.000420 seconds.
  path: Assets/PowerUps/powerupRed_star.png
  artifactKey: Guid(8182f69653985fa4a83b2ab1ef9b022d) Importer(815301076,1909f56bfc062723c751e8b465ee728b)
Start importing Assets/PowerUps/powerupRed_star.png using Guid(8182f69653985fa4a83b2ab1ef9b022d) Importer(815301076,1909f56bfc062723c751e8b465ee728b)  -> (artifact id: '129301f528ad224a55c1d84ac3e41f1f') in 0.012482 seconds 
  Import took 0.017609 seconds .

========================================================================
Received Import Request.
  Time since last request: 8.893462 seconds.
  path: Assets
  artifactKey: Guid(00000000000000001000000000000000) Importer(815301076,1909f56bfc062723c751e8b465ee728b)
Start importing Assets using Guid(00000000000000001000000000000000) Importer(815301076,1909f56bfc062723c751e8b465ee728b)  -> (artifact id: '42d402b061de3733987d63b9cc3b64de') in 0.002549 seconds 
  Import took 0.006089 seconds .

========================================================================
Received Import Request.
  Time since last request: 5.994385 seconds.
  path: Assets/Scripts
  artifactKey: Guid(a0599e77f77672b498b88dedc285da8a) Importer(815301076,1909f56bfc062723c751e8b465ee728b)
Start importing Assets/Scripts using Guid(a0599e77f77672b498b88dedc285da8a) Importer(815301076,1909f56bfc062723c751e8b465ee728b)  -> (artifact id: '715b12e1e3cce9d9cc46f11a549fad95') in 0.002802 seconds 
  Import took 0.005928 seconds .

========================================================================
Received Import Request.
  Time since last request: 236.446673 seconds.
  path: Assets/Assets/White_1x1.png
  artifactKey: Guid(721c5b0f36ad8ff428c737fff04028d1) Importer(815301076,1909f56bfc062723c751e8b465ee728b)
Start importing Assets/Assets/White_1x1.png using Guid(721c5b0f36ad8ff428c737fff04028d1) Importer(815301076,1909f56bfc062723c751e8b465ee728b)  -> (artifact id: '3396e06da51be3a5bebb38e05177694e') in 0.013727 seconds 
  Import took 0.019404 seconds .

========================================================================
Received Import Request.
  Time since last request: 181.343244 seconds.
  path: Assets/Assets/SnakeHead.png
  artifactKey: Guid(98b1d971d6b28c54f91b09ccfa8ed350) Importer(815301076,1909f56bfc062723c751e8b465ee728b)
Start importing Assets/Assets/SnakeHead.png using Guid(98b1d971d6b28c54f91b09ccfa8ed350) Importer(815301076,1909f56bfc062723c751e8b465ee728b)  -> (artifact id: '63474661838f7e65a8577ef91ff194c0') in 0.012447 seconds 
  Import took 0.015983 seconds .

========================================================================
Received Import Request.
  Time since last request: 40.452361 seconds.
  path: Assets/Assets/SnakeBody.png
  artifactKey: Guid(6204ce0fbb1c4194da876f5edf882acf) Importer(815301076,1909f56bfc062723c751e8b465ee728b)
Start importing Assets/Assets/SnakeBody.png using Guid(6204ce0fbb1c4194da876f5edf882acf) Importer(815301076,1909f56bfc062723c751e8b465ee728b)  -> (artifact id: '4a3d3c35b30e340121f67cb54deac066') in 0.014187 seconds 
  Import took 0.021451 seconds .

========================================================================
Received Import Request.
  Time since last request: 8.470865 seconds.
  path: Assets/Assets/FoodApple.png
  artifactKey: Guid(aec46477eb520e74fbec9c69ca56de85) Importer(815301076,1909f56bfc062723c751e8b465ee728b)
Start importing Assets/Assets/FoodApple.png using Guid(aec46477eb520e74fbec9c69ca56de85) Importer(815301076,1909f56bfc062723c751e8b465ee728b)  -> (artifact id: '90809931fcc0d1084021686fdbdadd0c') in 0.014531 seconds 
  Import took 0.018328 seconds .

========================================================================
Received Import Request.
  Time since last request: 337.212262 seconds.
  path: Assets/Assets/White_1x1.png
  artifactKey: Guid(721c5b0f36ad8ff428c737fff04028d1) Importer(815301076,1909f56bfc062723c751e8b465ee728b)
Start importing Assets/Assets/White_1x1.png using Guid(721c5b0f36ad8ff428c737fff04028d1) Importer(815301076,1909f56bfc062723c751e8b465ee728b)  -> (artifact id: '3068c0b65ea09279ee8665987c9af6d3') in 0.012837 seconds 
  Import took 0.018457 seconds .

========================================================================
Received Import Request.
  Time since last request: 41.778100 seconds.
  path: Assets/Assets/SnakeHead.png
  artifactKey: Guid(98b1d971d6b28c54f91b09ccfa8ed350) Importer(815301076,1909f56bfc062723c751e8b465ee728b)
Start importing Assets/Assets/SnakeHead.png using Guid(98b1d971d6b28c54f91b09ccfa8ed350) Importer(815301076,1909f56bfc062723c751e8b465ee728b)  -> (artifact id: '31b52035cf5d48e34f7af11d169eacef') in 0.016460 seconds 
  Import took 0.021153 seconds .

========================================================================
Received Import Request.
  Time since last request: 5.575342 seconds.
  path: Assets/Assets/SnakeBody.png
  artifactKey: Guid(6204ce0fbb1c4194da876f5edf882acf) Importer(815301076,1909f56bfc062723c751e8b465ee728b)
Start importing Assets/Assets/SnakeBody.png using Guid(6204ce0fbb1c4194da876f5edf882acf) Importer(815301076,1909f56bfc062723c751e8b465ee728b)  -> (artifact id: '833721b729db7dd70d33519508dff705') in 0.016595 seconds 
  Import took 0.021668 seconds .

========================================================================
Received Import Request.
  Time since last request: 5.496098 seconds.
  path: Assets/Assets/FoodApple.png
  artifactKey: Guid(aec46477eb520e74fbec9c69ca56de85) Importer(815301076,1909f56bfc062723c751e8b465ee728b)
Start importing Assets/Assets/FoodApple.png using Guid(aec46477eb520e74fbec9c69ca56de85) Importer(815301076,1909f56bfc062723c751e8b465ee728b)  -> (artifact id: '96d1fdd7a7b710a23bef2b5f47565ec6') in 0.047570 seconds 
  Import took 0.063425 seconds .

========================================================================
Received Import Request.
  Time since last request: 113.099999 seconds.
  path: ProjectSettings/TagManager.asset
  artifactKey: Guid(00000000000000003000000000000000) Importer(815301076,1909f56bfc062723c751e8b465ee728b)
Start importing ProjectSettings/TagManager.asset using Guid(00000000000000003000000000000000) Importer(815301076,1909f56bfc062723c751e8b465ee728b)  -> (artifact id: '95df672b4aaba54310d34c83eef51bb8') in 0.009416 seconds 
  Import took 0.014289 seconds .

========================================================================
Received Prepare
Registering precompiled user dll's ...
Registered in 0.008430 seconds.
Begin MonoManager ReloadAssembly
Native extension for WindowsStandalone target not found
Refreshing native plugins compatible for Editor in 0.54 ms, found 3 plugins.
Preloading 0 native plugins for Editor in 0.00 ms.
Mono: successfully reloaded assembly
- Completed reload, in  1.775 seconds
Domain Reload Profiling:
	ReloadAssembly (1776ms)
		BeginReloadAssembly (193ms)
			ExecutionOrderSort (0ms)
			DisableScriptedObjects (9ms)
			BackupInstance (0ms)
			ReleaseScriptingObjects (0ms)
			CreateAndSetChildDomain (47ms)
		EndReloadAssembly (1332ms)
			LoadAssemblies (245ms)
			RebuildTransferFunctionScriptingTraits (0ms)
			SetupTypeCache (555ms)
			ReleaseScriptCaches (1ms)
			RebuildScriptCaches (56ms)
			SetupLoadedEditorAssemblies (369ms)
				LogAssemblyErrors (0ms)
				InitializePlatformSupportModulesInManaged (7ms)
				SetLoadedEditorAssemblies (1ms)
				RefreshPlugins (1ms)
				BeforeProcessingInitializeOnLoad (123ms)
				ProcessInitializeOnLoadAttributes (227ms)
				ProcessInitializeOnLoadMethodAttributes (7ms)
				AfterProcessingInitializeOnLoad (3ms)
				EditorAssembliesLoaded (0ms)
			ExecutionOrderSort2 (0ms)
			AwakeInstancesAfterBackupRestoration (12ms)
Platform modules already initialized, skipping
Refreshing native plugins compatible for Editor in 0.41 ms, found 3 plugins.
Preloading 0 native plugins for Editor in 0.00 ms.
Unloading 2080 Unused Serialized files (Serialized files now loaded: 0)
System memory in use before: 95.8 MB.
System memory in use after: 95.8 MB.

Unloading 22 unused Assets to reduce memory usage. Loaded Objects now: 2536.
Total: 2.424100 ms (FindLiveObjects: 0.209700 ms CreateObjectMapping: 0.073200 ms MarkObjects: 2.045100 ms  DeleteObjects: 0.094700 ms)

AssetImportParameters requested are different than current active one (requested -> active):
  custom:framework-win-MediaFoundation: 216162199b28c13a410421893ffa2e32 -> 
  custom:video-decoder-ogg-theora: a1e56fd34408186e4bbccfd4996cb3dc -> 
  custom:container-muxer-webm: aa71ff27fc2769a1b78a27578f13a17b -> 
  custom:container-demuxer-webm: 4f35f7cbe854078d1ac9338744f61a02 -> 
  custom:container-demuxer-ogg: 62fdf1f143b41e24485cea50d1cbac27 -> 
  custom:video-encoder-webm-vp8: eb34c28f22e8b96e1ab97ce403110664 -> 
  custom:video-decoder-webm-vp8: 9c59270c3fd7afecdb556c50c9e8de78 -> 
  custom:audio-decoder-ogg-vorbis: bf7c407c2cedff20999df2af8eb42d56 -> 
  custom:audio-encoder-webm-vorbis: bf7c407c2cedff20999df2af8eb42d56 -> 
========================================================================
Received Prepare
Registering precompiled user dll's ...
Registered in 0.006469 seconds.
Begin MonoManager ReloadAssembly
Native extension for WindowsStandalone target not found
Refreshing native plugins compatible for Editor in 0.40 ms, found 3 plugins.
Preloading 0 native plugins for Editor in 0.00 ms.
Mono: successfully reloaded assembly
- Completed reload, in  1.310 seconds
Domain Reload Profiling:
	ReloadAssembly (1311ms)
		BeginReloadAssembly (180ms)
			ExecutionOrderSort (0ms)
			DisableScriptedObjects (9ms)
			BackupInstance (0ms)
			ReleaseScriptingObjects (0ms)
			CreateAndSetChildDomain (35ms)
		EndReloadAssembly (1054ms)
			LoadAssemblies (173ms)
			RebuildTransferFunctionScriptingTraits (0ms)
			SetupTypeCache (368ms)
			ReleaseScriptCaches (1ms)
			RebuildScriptCaches (56ms)
			SetupLoadedEditorAssemblies (392ms)
				LogAssemblyErrors (0ms)
				InitializePlatformSupportModulesInManaged (5ms)
				SetLoadedEditorAssemblies (0ms)
				RefreshPlugins (0ms)
				BeforeProcessingInitializeOnLoad (98ms)
				ProcessInitializeOnLoadAttributes (278ms)
				ProcessInitializeOnLoadMethodAttributes (7ms)
				AfterProcessingInitializeOnLoad (3ms)
				EditorAssembliesLoaded (0ms)
			ExecutionOrderSort2 (0ms)
			AwakeInstancesAfterBackupRestoration (13ms)
Platform modules already initialized, skipping
Refreshing native plugins compatible for Editor in 0.56 ms, found 3 plugins.
Preloading 0 native plugins for Editor in 0.00 ms.
Unloading 2080 Unused Serialized files (Serialized files now loaded: 0)
System memory in use before: 95.9 MB.
System memory in use after: 95.8 MB.

Unloading 21 unused Assets to reduce memory usage. Loaded Objects now: 2540.
Total: 3.331500 ms (FindLiveObjects: 0.261400 ms CreateObjectMapping: 0.134000 ms MarkObjects: 2.779600 ms  DeleteObjects: 0.154900 ms)

AssetImportParameters requested are different than current active one (requested -> active):
  custom:framework-win-MediaFoundation: 216162199b28c13a410421893ffa2e32 -> 
  custom:video-decoder-ogg-theora: a1e56fd34408186e4bbccfd4996cb3dc -> 
  custom:container-muxer-webm: aa71ff27fc2769a1b78a27578f13a17b -> 
  custom:container-demuxer-webm: 4f35f7cbe854078d1ac9338744f61a02 -> 
  custom:container-demuxer-ogg: 62fdf1f143b41e24485cea50d1cbac27 -> 
  custom:video-encoder-webm-vp8: eb34c28f22e8b96e1ab97ce403110664 -> 
  custom:video-decoder-webm-vp8: 9c59270c3fd7afecdb556c50c9e8de78 -> 
  custom:audio-decoder-ogg-vorbis: bf7c407c2cedff20999df2af8eb42d56 -> 
  custom:audio-encoder-webm-vorbis: bf7c407c2cedff20999df2af8eb42d56 -> 
========================================================================
Received Import Request.
  Time since last request: 720.410071 seconds.
  path: Assets/Scripts/snake.cs
  artifactKey: Guid(15bfa3e8cfa2f2142a618f440c94977e) Importer(815301076,1909f56bfc062723c751e8b465ee728b)
Start importing Assets/Scripts/snake.cs using Guid(15bfa3e8cfa2f2142a618f440c94977e) Importer(815301076,1909f56bfc062723c751e8b465ee728b)  -> (artifact id: '2afd814d344098f2ee7fcd67b4f5a11b') in 0.026198 seconds 
  Import took 0.037383 seconds .

========================================================================
Received Prepare
Registering precompiled user dll's ...
Registered in 0.011813 seconds.
Begin MonoManager ReloadAssembly
Native extension for WindowsStandalone target not found
Refreshing native plugins compatible for Editor in 0.41 ms, found 3 plugins.
Preloading 0 native plugins for Editor in 0.00 ms.
Mono: successfully reloaded assembly
- Completed reload, in  1.189 seconds
Domain Reload Profiling:
	ReloadAssembly (1189ms)
		BeginReloadAssembly (169ms)
			ExecutionOrderSort (0ms)
			DisableScriptedObjects (11ms)
			BackupInstance (0ms)
			ReleaseScriptingObjects (0ms)
			CreateAndSetChildDomain (41ms)
		EndReloadAssembly (963ms)
			LoadAssemblies (141ms)
			RebuildTransferFunctionScriptingTraits (0ms)
			SetupTypeCache (340ms)
			ReleaseScriptCaches (1ms)
			RebuildScriptCaches (65ms)
			SetupLoadedEditorAssemblies (343ms)
				LogAssemblyErrors (0ms)
				InitializePlatformSupportModulesInManaged (5ms)
				SetLoadedEditorAssemblies (0ms)
				RefreshPlugins (0ms)
				BeforeProcessingInitializeOnLoad (102ms)
				ProcessInitializeOnLoadAttributes (225ms)
				ProcessInitializeOnLoadMethodAttributes (8ms)
				AfterProcessingInitializeOnLoad (3ms)
				EditorAssembliesLoaded (0ms)
			ExecutionOrderSort2 (0ms)
			AwakeInstancesAfterBackupRestoration (14ms)
Platform modules already initialized, skipping
Refreshing native plugins compatible for Editor in 0.37 ms, found 3 plugins.
Preloading 0 native plugins for Editor in 0.00 ms.
Unloading 2080 Unused Serialized files (Serialized files now loaded: 0)
System memory in use before: 95.9 MB.
System memory in use after: 95.9 MB.

Unloading 21 unused Assets to reduce memory usage. Loaded Objects now: 2544.
Total: 2.314800 ms (FindLiveObjects: 0.191200 ms CreateObjectMapping: 0.080500 ms MarkObjects: 1.943000 ms  DeleteObjects: 0.098800 ms)

AssetImportParameters requested are different than current active one (requested -> active):
  custom:framework-win-MediaFoundation: 216162199b28c13a410421893ffa2e32 -> 
  custom:video-decoder-ogg-theora: a1e56fd34408186e4bbccfd4996cb3dc -> 
  custom:container-muxer-webm: aa71ff27fc2769a1b78a27578f13a17b -> 
  custom:container-demuxer-webm: 4f35f7cbe854078d1ac9338744f61a02 -> 
  custom:container-demuxer-ogg: 62fdf1f143b41e24485cea50d1cbac27 -> 
  custom:video-encoder-webm-vp8: eb34c28f22e8b96e1ab97ce403110664 -> 
  custom:video-decoder-webm-vp8: 9c59270c3fd7afecdb556c50c9e8de78 -> 
  custom:audio-decoder-ogg-vorbis: bf7c407c2cedff20999df2af8eb42d56 -> 
  custom:audio-encoder-webm-vorbis: bf7c407c2cedff20999df2af8eb42d56 -> 
========================================================================
Received Import Request.
  Time since last request: 1734.576267 seconds.
  path: Assets/Scripts/snake.cs
  artifactKey: Guid(15bfa3e8cfa2f2142a618f440c94977e) Importer(815301076,1909f56bfc062723c751e8b465ee728b)
Start importing Assets/Scripts/snake.cs using Guid(15bfa3e8cfa2f2142a618f440c94977e) Importer(815301076,1909f56bfc062723c751e8b465ee728b)  -> (artifact id: 'baada794382ecca3c46c0da561420852') in 0.005197 seconds 
  Import took 0.008502 seconds .

========================================================================
Received Import Request.
  Time since last request: 0.001257 seconds.
  path: Assets/Scripts/snake.cs
  artifactKey: Guid(15bfa3e8cfa2f2142a618f440c94977e) Importer(815301076,1909f56bfc062723c751e8b465ee728b)
Start importing Assets/Scripts/snake.cs using Guid(15bfa3e8cfa2f2142a618f440c94977e) Importer(815301076,1909f56bfc062723c751e8b465ee728b)  -> (artifact id: 'baada794382ecca3c46c0da561420852') in 0.002759 seconds 
  Import took 0.006353 seconds .

========================================================================
Received Prepare
Registering precompiled user dll's ...
Registered in 0.006822 seconds.
Begin MonoManager ReloadAssembly
Native extension for WindowsStandalone target not found
Refreshing native plugins compatible for Editor in 0.38 ms, found 3 plugins.
Preloading 0 native plugins for Editor in 0.00 ms.
Mono: successfully reloaded assembly
- Completed reload, in  1.092 seconds
Domain Reload Profiling:
	ReloadAssembly (1092ms)
		BeginReloadAssembly (137ms)
			ExecutionOrderSort (0ms)
			DisableScriptedObjects (8ms)
			BackupInstance (0ms)
			ReleaseScriptingObjects (0ms)
			CreateAndSetChildDomain (34ms)
		EndReloadAssembly (902ms)
			LoadAssemblies (115ms)
			RebuildTransferFunctionScriptingTraits (0ms)
			SetupTypeCache (305ms)
			ReleaseScriptCaches (1ms)
			RebuildScriptCaches (44ms)
			SetupLoadedEditorAssemblies (334ms)
				LogAssemblyErrors (0ms)
				InitializePlatformSupportModulesInManaged (4ms)
				SetLoadedEditorAssemblies (0ms)
				RefreshPlugins (0ms)
				BeforeProcessingInitializeOnLoad (91ms)
				ProcessInitializeOnLoadAttributes (228ms)
				ProcessInitializeOnLoadMethodAttributes (7ms)
				AfterProcessingInitializeOnLoad (3ms)
				EditorAssembliesLoaded (0ms)
			ExecutionOrderSort2 (0ms)
			AwakeInstancesAfterBackupRestoration (12ms)
Platform modules already initialized, skipping
Refreshing native plugins compatible for Editor in 0.43 ms, found 3 plugins.
Preloading 0 native plugins for Editor in 0.00 ms.
Unloading 2080 Unused Serialized files (Serialized files now loaded: 0)
System memory in use before: 95.9 MB.
System memory in use after: 95.9 MB.

Unloading 21 unused Assets to reduce memory usage. Loaded Objects now: 2548.
Total: 2.738300 ms (FindLiveObjects: 0.205300 ms CreateObjectMapping: 0.081000 ms MarkObjects: 2.339500 ms  DeleteObjects: 0.111500 ms)

AssetImportParameters requested are different than current active one (requested -> active):
  custom:framework-win-MediaFoundation: 216162199b28c13a410421893ffa2e32 -> 
  custom:video-decoder-ogg-theora: a1e56fd34408186e4bbccfd4996cb3dc -> 
  custom:container-muxer-webm: aa71ff27fc2769a1b78a27578f13a17b -> 
  custom:container-demuxer-webm: 4f35f7cbe854078d1ac9338744f61a02 -> 
  custom:container-demuxer-ogg: 62fdf1f143b41e24485cea50d1cbac27 -> 
  custom:video-encoder-webm-vp8: eb34c28f22e8b96e1ab97ce403110664 -> 
  custom:video-decoder-webm-vp8: 9c59270c3fd7afecdb556c50c9e8de78 -> 
  custom:audio-decoder-ogg-vorbis: bf7c407c2cedff20999df2af8eb42d56 -> 
  custom:audio-encoder-webm-vorbis: bf7c407c2cedff20999df2af8eb42d56 -> 
========================================================================
Received Import Request.
  Time since last request: 787.723353 seconds.
  path: Assets/Scripts/snake.cs
  artifactKey: Guid(15bfa3e8cfa2f2142a618f440c94977e) Importer(815301076,1909f56bfc062723c751e8b465ee728b)
Start importing Assets/Scripts/snake.cs using Guid(15bfa3e8cfa2f2142a618f440c94977e) Importer(815301076,1909f56bfc062723c751e8b465ee728b)  -> (artifact id: 'fe16f8142e4a30371cc01b615c48f1df') in 0.006058 seconds 
  Import took 0.009709 seconds .

========================================================================
Received Prepare
Registering precompiled user dll's ...
Registered in 0.007478 seconds.
Begin MonoManager ReloadAssembly
Native extension for WindowsStandalone target not found
Refreshing native plugins compatible for Editor in 0.38 ms, found 3 plugins.
Preloading 0 native plugins for Editor in 0.00 ms.
Mono: successfully reloaded assembly
- Completed reload, in  1.101 seconds
Domain Reload Profiling:
	ReloadAssembly (1101ms)
		BeginReloadAssembly (154ms)
			ExecutionOrderSort (0ms)
			DisableScriptedObjects (8ms)
			BackupInstance (0ms)
			ReleaseScriptingObjects (0ms)
			CreateAndSetChildDomain (39ms)
		EndReloadAssembly (883ms)
			LoadAssemblies (129ms)
			RebuildTransferFunctionScriptingTraits (0ms)
			SetupTypeCache (293ms)
			ReleaseScriptCaches (1ms)
			RebuildScriptCaches (48ms)
			SetupLoadedEditorAssemblies (317ms)
				LogAssemblyErrors (0ms)
				InitializePlatformSupportModulesInManaged (4ms)
				SetLoadedEditorAssemblies (0ms)
				RefreshPlugins (0ms)
				BeforeProcessingInitializeOnLoad (85ms)
				ProcessInitializeOnLoadAttributes (219ms)
				ProcessInitializeOnLoadMethodAttributes (5ms)
				AfterProcessingInitializeOnLoad (2ms)
				EditorAssembliesLoaded (0ms)
			ExecutionOrderSort2 (0ms)
			AwakeInstancesAfterBackupRestoration (9ms)
Platform modules already initialized, skipping
Refreshing native plugins compatible for Editor in 0.40 ms, found 3 plugins.
Preloading 0 native plugins for Editor in 0.00 ms.
Unloading 2080 Unused Serialized files (Serialized files now loaded: 0)
System memory in use before: 95.9 MB.
System memory in use after: 95.9 MB.

Unloading 21 unused Assets to reduce memory usage. Loaded Objects now: 2552.
Total: 2.531000 ms (FindLiveObjects: 0.194900 ms CreateObjectMapping: 0.075400 ms MarkObjects: 2.158900 ms  DeleteObjects: 0.100700 ms)

AssetImportParameters requested are different than current active one (requested -> active):
  custom:framework-win-MediaFoundation: 216162199b28c13a410421893ffa2e32 -> 
  custom:video-decoder-ogg-theora: a1e56fd34408186e4bbccfd4996cb3dc -> 
  custom:container-muxer-webm: aa71ff27fc2769a1b78a27578f13a17b -> 
  custom:container-demuxer-webm: 4f35f7cbe854078d1ac9338744f61a02 -> 
  custom:container-demuxer-ogg: 62fdf1f143b41e24485cea50d1cbac27 -> 
  custom:video-encoder-webm-vp8: eb34c28f22e8b96e1ab97ce403110664 -> 
  custom:video-decoder-webm-vp8: 9c59270c3fd7afecdb556c50c9e8de78 -> 
  custom:audio-decoder-ogg-vorbis: bf7c407c2cedff20999df2af8eb42d56 -> 
  custom:audio-encoder-webm-vorbis: bf7c407c2cedff20999df2af8eb42d56 -> 
========================================================================
Received Prepare
Registering precompiled user dll's ...
Registered in 0.006583 seconds.
Begin MonoManager ReloadAssembly
Native extension for WindowsStandalone target not found
Refreshing native plugins compatible for Editor in 0.40 ms, found 3 plugins.
Preloading 0 native plugins for Editor in 0.00 ms.
Mono: successfully reloaded assembly
- Completed reload, in  1.122 seconds
Domain Reload Profiling:
	ReloadAssembly (1123ms)
		BeginReloadAssembly (123ms)
			ExecutionOrderSort (0ms)
			DisableScriptedObjects (8ms)
			BackupInstance (0ms)
			ReleaseScriptingObjects (0ms)
			CreateAndSetChildDomain (30ms)
		EndReloadAssembly (937ms)
			LoadAssemblies (120ms)
			RebuildTransferFunctionScriptingTraits (0ms)
			SetupTypeCache (342ms)
			ReleaseScriptCaches (1ms)
			RebuildScriptCaches (46ms)
			SetupLoadedEditorAssemblies (314ms)
				LogAssemblyErrors (0ms)
				InitializePlatformSupportModulesInManaged (5ms)
				SetLoadedEditorAssemblies (0ms)
				RefreshPlugins (0ms)
				BeforeProcessingInitializeOnLoad (89ms)
				ProcessInitializeOnLoadAttributes (211ms)
				ProcessInitializeOnLoadMethodAttributes (6ms)
				AfterProcessingInitializeOnLoad (3ms)
				EditorAssembliesLoaded (0ms)
			ExecutionOrderSort2 (0ms)
			AwakeInstancesAfterBackupRestoration (10ms)
Platform modules already initialized, skipping
Refreshing native plugins compatible for Editor in 0.38 ms, found 3 plugins.
Preloading 0 native plugins for Editor in 0.00 ms.
Unloading 2080 Unused Serialized files (Serialized files now loaded: 0)
System memory in use before: 95.9 MB.
System memory in use after: 95.9 MB.

Unloading 21 unused Assets to reduce memory usage. Loaded Objects now: 2556.
Total: 2.430600 ms (FindLiveObjects: 0.179900 ms CreateObjectMapping: 0.066400 ms MarkObjects: 2.086300 ms  DeleteObjects: 0.097100 ms)

AssetImportParameters requested are different than current active one (requested -> active):
  custom:framework-win-MediaFoundation: 216162199b28c13a410421893ffa2e32 -> 
  custom:video-decoder-ogg-theora: a1e56fd34408186e4bbccfd4996cb3dc -> 
  custom:container-muxer-webm: aa71ff27fc2769a1b78a27578f13a17b -> 
  custom:container-demuxer-webm: 4f35f7cbe854078d1ac9338744f61a02 -> 
  custom:container-demuxer-ogg: 62fdf1f143b41e24485cea50d1cbac27 -> 
  custom:video-encoder-webm-vp8: eb34c28f22e8b96e1ab97ce403110664 -> 
  custom:video-decoder-webm-vp8: 9c59270c3fd7afecdb556c50c9e8de78 -> 
  custom:audio-decoder-ogg-vorbis: bf7c407c2cedff20999df2af8eb42d56 -> 
  custom:audio-encoder-webm-vorbis: bf7c407c2cedff20999df2af8eb42d56 -> 
========================================================================
Received Prepare
Registering precompiled user dll's ...
Registered in 0.007306 seconds.
Begin MonoManager ReloadAssembly
Native extension for WindowsStandalone target not found
Refreshing native plugins compatible for Editor in 0.37 ms, found 3 plugins.
Preloading 0 native plugins for Editor in 0.00 ms.
Mono: successfully reloaded assembly
- Completed reload, in  1.127 seconds
Domain Reload Profiling:
	ReloadAssembly (1128ms)
		BeginReloadAssembly (136ms)
			ExecutionOrderSort (0ms)
			DisableScriptedObjects (7ms)
			BackupInstance (0ms)
			ReleaseScriptingObjects (0ms)
			CreateAndSetChildDomain (33ms)
		EndReloadAssembly (937ms)
			LoadAssemblies (115ms)
			RebuildTransferFunctionScriptingTraits (0ms)
			SetupTypeCache (318ms)
			ReleaseScriptCaches (1ms)
			RebuildScriptCaches (50ms)
			SetupLoadedEditorAssemblies (329ms)
				LogAssemblyErrors (0ms)
				InitializePlatformSupportModulesInManaged (4ms)
				SetLoadedEditorAssemblies (0ms)
				RefreshPlugins (0ms)
				BeforeProcessingInitializeOnLoad (87ms)
				ProcessInitializeOnLoadAttributes (226ms)
				ProcessInitializeOnLoadMethodAttributes (7ms)
				AfterProcessingInitializeOnLoad (3ms)
				EditorAssembliesLoaded (0ms)
			ExecutionOrderSort2 (0ms)
			AwakeInstancesAfterBackupRestoration (13ms)
Platform modules already initialized, skipping
Refreshing native plugins compatible for Editor in 0.41 ms, found 3 plugins.
Preloading 0 native plugins for Editor in 0.00 ms.
Unloading 2080 Unused Serialized files (Serialized files now loaded: 0)
System memory in use before: 95.9 MB.
System memory in use after: 95.9 MB.

Unloading 21 unused Assets to reduce memory usage. Loaded Objects now: 2560.
Total: 2.312600 ms (FindLiveObjects: 0.164800 ms CreateObjectMapping: 0.069300 ms MarkObjects: 1.984200 ms  DeleteObjects: 0.093100 ms)

AssetImportParameters requested are different than current active one (requested -> active):
  custom:framework-win-MediaFoundation: 216162199b28c13a410421893ffa2e32 -> 
  custom:video-decoder-ogg-theora: a1e56fd34408186e4bbccfd4996cb3dc -> 
  custom:container-muxer-webm: aa71ff27fc2769a1b78a27578f13a17b -> 
  custom:container-demuxer-webm: 4f35f7cbe854078d1ac9338744f61a02 -> 
  custom:container-demuxer-ogg: 62fdf1f143b41e24485cea50d1cbac27 -> 
  custom:video-encoder-webm-vp8: eb34c28f22e8b96e1ab97ce403110664 -> 
  custom:video-decoder-webm-vp8: 9c59270c3fd7afecdb556c50c9e8de78 -> 
  custom:audio-decoder-ogg-vorbis: bf7c407c2cedff20999df2af8eb42d56 -> 
  custom:audio-encoder-webm-vorbis: bf7c407c2cedff20999df2af8eb42d56 -> 
========================================================================
Received Prepare
Registering precompiled user dll's ...
Registered in 0.007136 seconds.
Begin MonoManager ReloadAssembly
Native extension for WindowsStandalone target not found
Refreshing native plugins compatible for Editor in 0.48 ms, found 3 plugins.
Preloading 0 native plugins for Editor in 0.00 ms.
Mono: successfully reloaded assembly
- Completed reload, in  1.087 seconds
Domain Reload Profiling:
	ReloadAssembly (1088ms)
		BeginReloadAssembly (150ms)
			ExecutionOrderSort (0ms)
			DisableScriptedObjects (8ms)
			BackupInstance (0ms)
			ReleaseScriptingObjects (0ms)
			CreateAndSetChildDomain (33ms)
		EndReloadAssembly (878ms)
			LoadAssemblies (137ms)
			RebuildTransferFunctionScriptingTraits (0ms)
			SetupTypeCache (274ms)
			ReleaseScriptCaches (1ms)
			RebuildScriptCaches (46ms)
			SetupLoadedEditorAssemblies (344ms)
				LogAssemblyErrors (0ms)
				InitializePlatformSupportModulesInManaged (6ms)
				SetLoadedEditorAssemblies (1ms)
				RefreshPlugins (1ms)
				BeforeProcessingInitializeOnLoad (94ms)
				ProcessInitializeOnLoadAttributes (231ms)
				ProcessInitializeOnLoadMethodAttributes (7ms)
				AfterProcessingInitializeOnLoad (4ms)
				EditorAssembliesLoaded (0ms)
			ExecutionOrderSort2 (0ms)
			AwakeInstancesAfterBackupRestoration (12ms)
Platform modules already initialized, skipping
Refreshing native plugins compatible for Editor in 0.48 ms, found 3 plugins.
Preloading 0 native plugins for Editor in 0.00 ms.
Unloading 2080 Unused Serialized files (Serialized files now loaded: 0)
System memory in use before: 95.9 MB.
System memory in use after: 95.9 MB.

Unloading 21 unused Assets to reduce memory usage. Loaded Objects now: 2564.
Total: 2.629000 ms (FindLiveObjects: 0.212200 ms CreateObjectMapping: 0.095800 ms MarkObjects: 2.192700 ms  DeleteObjects: 0.127200 ms)

AssetImportParameters requested are different than current active one (requested -> active):
  custom:framework-win-MediaFoundation: 216162199b28c13a410421893ffa2e32 -> 
  custom:video-decoder-ogg-theora: a1e56fd34408186e4bbccfd4996cb3dc -> 
  custom:container-muxer-webm: aa71ff27fc2769a1b78a27578f13a17b -> 
  custom:container-demuxer-webm: 4f35f7cbe854078d1ac9338744f61a02 -> 
  custom:container-demuxer-ogg: 62fdf1f143b41e24485cea50d1cbac27 -> 
  custom:video-encoder-webm-vp8: eb34c28f22e8b96e1ab97ce403110664 -> 
  custom:video-decoder-webm-vp8: 9c59270c3fd7afecdb556c50c9e8de78 -> 
  custom:audio-decoder-ogg-vorbis: bf7c407c2cedff20999df2af8eb42d56 -> 
  custom:audio-encoder-webm-vorbis: bf7c407c2cedff20999df2af8eb42d56 -> 
========================================================================
Received Prepare
Registering precompiled user dll's ...
Registered in 0.005857 seconds.
Begin MonoManager ReloadAssembly
Native extension for WindowsStandalone target not found
Refreshing native plugins compatible for Editor in 0.45 ms, found 3 plugins.
Preloading 0 native plugins for Editor in 0.00 ms.
Mono: successfully reloaded assembly
- Completed reload, in  1.204 seconds
Domain Reload Profiling:
	ReloadAssembly (1205ms)
		BeginReloadAssembly (133ms)
			ExecutionOrderSort (0ms)
			DisableScriptedObjects (8ms)
			BackupInstance (0ms)
			ReleaseScriptingObjects (0ms)
			CreateAndSetChildDomain (33ms)
		EndReloadAssembly (1015ms)
			LoadAssemblies (122ms)
			RebuildTransferFunctionScriptingTraits (0ms)
			SetupTypeCache (375ms)
			ReleaseScriptCaches (1ms)
			RebuildScriptCaches (54ms)
			SetupLoadedEditorAssemblies (333ms)
				LogAssemblyErrors (0ms)
				InitializePlatformSupportModulesInManaged (6ms)
				SetLoadedEditorAssemblies (1ms)
				RefreshPlugins (1ms)
				BeforeProcessingInitializeOnLoad (99ms)
				ProcessInitializeOnLoadAttributes (216ms)
				ProcessInitializeOnLoadMethodAttributes (8ms)
				AfterProcessingInitializeOnLoad (4ms)
				EditorAssembliesLoaded (0ms)
			ExecutionOrderSort2 (0ms)
			AwakeInstancesAfterBackupRestoration (17ms)
Platform modules already initialized, skipping
Refreshing native plugins compatible for Editor in 0.42 ms, found 3 plugins.
Preloading 0 native plugins for Editor in 0.00 ms.
Unloading 2080 Unused Serialized files (Serialized files now loaded: 0)
System memory in use before: 95.9 MB.
System memory in use after: 95.9 MB.

Unloading 21 unused Assets to reduce memory usage. Loaded Objects now: 2568.
Total: 2.208500 ms (FindLiveObjects: 0.177900 ms CreateObjectMapping: 0.081200 ms MarkObjects: 1.849800 ms  DeleteObjects: 0.098600 ms)

AssetImportParameters requested are different than current active one (requested -> active):
  custom:framework-win-MediaFoundation: 216162199b28c13a410421893ffa2e32 -> 
  custom:video-decoder-ogg-theora: a1e56fd34408186e4bbccfd4996cb3dc -> 
  custom:container-muxer-webm: aa71ff27fc2769a1b78a27578f13a17b -> 
  custom:container-demuxer-webm: 4f35f7cbe854078d1ac9338744f61a02 -> 
  custom:container-demuxer-ogg: 62fdf1f143b41e24485cea50d1cbac27 -> 
  custom:video-encoder-webm-vp8: eb34c28f22e8b96e1ab97ce403110664 -> 
  custom:video-decoder-webm-vp8: 9c59270c3fd7afecdb556c50c9e8de78 -> 
  custom:audio-decoder-ogg-vorbis: bf7c407c2cedff20999df2af8eb42d56 -> 
  custom:audio-encoder-webm-vorbis: bf7c407c2cedff20999df2af8eb42d56 -> 
========================================================================
Received Prepare
Registering precompiled user dll's ...
Registered in 0.005630 seconds.
Begin MonoManager ReloadAssembly
Native extension for WindowsStandalone target not found
Refreshing native plugins compatible for Editor in 0.41 ms, found 3 plugins.
Preloading 0 native plugins for Editor in 0.00 ms.
Mono: successfully reloaded assembly
- Completed reload, in  1.200 seconds
Domain Reload Profiling:
	ReloadAssembly (1201ms)
		BeginReloadAssembly (146ms)
			ExecutionOrderSort (0ms)
			DisableScriptedObjects (12ms)
			BackupInstance (0ms)
			ReleaseScriptingObjects (0ms)
			CreateAndSetChildDomain (33ms)
		EndReloadAssembly (980ms)
			LoadAssemblies (146ms)
			RebuildTransferFunctionScriptingTraits (0ms)
			SetupTypeCache (343ms)
			ReleaseScriptCaches (1ms)
			RebuildScriptCaches (54ms)
			SetupLoadedEditorAssemblies (327ms)
				LogAssemblyErrors (0ms)
				InitializePlatformSupportModulesInManaged (4ms)
				SetLoadedEditorAssemblies (0ms)
				RefreshPlugins (0ms)
				BeforeProcessingInitializeOnLoad (89ms)
				ProcessInitializeOnLoadAttributes (223ms)
				ProcessInitializeOnLoadMethodAttributes (7ms)
				AfterProcessingInitializeOnLoad (3ms)
				EditorAssembliesLoaded (0ms)
			ExecutionOrderSort2 (0ms)
			AwakeInstancesAfterBackupRestoration (12ms)
Platform modules already initialized, skipping
Refreshing native plugins compatible for Editor in 0.53 ms, found 3 plugins.
Preloading 0 native plugins for Editor in 0.00 ms.
Unloading 2080 Unused Serialized files (Serialized files now loaded: 0)
System memory in use before: 96.0 MB.
System memory in use after: 95.9 MB.

Unloading 21 unused Assets to reduce memory usage. Loaded Objects now: 2572.
Total: 2.374600 ms (FindLiveObjects: 0.177500 ms CreateObjectMapping: 0.066700 ms MarkObjects: 2.032100 ms  DeleteObjects: 0.097300 ms)

AssetImportParameters requested are different than current active one (requested -> active):
  custom:framework-win-MediaFoundation: 216162199b28c13a410421893ffa2e32 -> 
  custom:video-decoder-ogg-theora: a1e56fd34408186e4bbccfd4996cb3dc -> 
  custom:container-muxer-webm: aa71ff27fc2769a1b78a27578f13a17b -> 
  custom:container-demuxer-webm: 4f35f7cbe854078d1ac9338744f61a02 -> 
  custom:container-demuxer-ogg: 62fdf1f143b41e24485cea50d1cbac27 -> 
  custom:video-encoder-webm-vp8: eb34c28f22e8b96e1ab97ce403110664 -> 
  custom:video-decoder-webm-vp8: 9c59270c3fd7afecdb556c50c9e8de78 -> 
  custom:audio-decoder-ogg-vorbis: bf7c407c2cedff20999df2af8eb42d56 -> 
  custom:audio-encoder-webm-vorbis: bf7c407c2cedff20999df2af8eb42d56 -> 
========================================================================
Received Prepare
Registering precompiled user dll's ...
Registered in 0.007197 seconds.
Begin MonoManager ReloadAssembly
Native extension for WindowsStandalone target not found
Refreshing native plugins compatible for Editor in 0.45 ms, found 3 plugins.
Preloading 0 native plugins for Editor in 0.00 ms.
Mono: successfully reloaded assembly
- Completed reload, in  1.147 seconds
Domain Reload Profiling:
	ReloadAssembly (1147ms)
		BeginReloadAssembly (133ms)
			ExecutionOrderSort (0ms)
			DisableScriptedObjects (7ms)
			BackupInstance (0ms)
			ReleaseScriptingObjects (0ms)
			CreateAndSetChildDomain (32ms)
		EndReloadAssembly (959ms)
			LoadAssemblies (121ms)
			RebuildTransferFunctionScriptingTraits (0ms)
			SetupTypeCache (365ms)
			ReleaseScriptCaches (1ms)
			RebuildScriptCaches (50ms)
			SetupLoadedEditorAssemblies (328ms)
				LogAssemblyErrors (0ms)
				InitializePlatformSupportModulesInManaged (5ms)
				SetLoadedEditorAssemblies (1ms)
				RefreshPlugins (1ms)
				BeforeProcessingInitializeOnLoad (91ms)
				ProcessInitializeOnLoadAttributes (221ms)
				ProcessInitializeOnLoadMethodAttributes (6ms)
				AfterProcessingInitializeOnLoad (3ms)
				EditorAssembliesLoaded (0ms)
			ExecutionOrderSort2 (0ms)
			AwakeInstancesAfterBackupRestoration (11ms)
Platform modules already initialized, skipping
Refreshing native plugins compatible for Editor in 0.41 ms, found 3 plugins.
Preloading 0 native plugins for Editor in 0.00 ms.
Unloading 2080 Unused Serialized files (Serialized files now loaded: 0)
System memory in use before: 96.0 MB.
System memory in use after: 95.9 MB.

Unloading 21 unused Assets to reduce memory usage. Loaded Objects now: 2576.
Total: 2.525200 ms (FindLiveObjects: 0.170000 ms CreateObjectMapping: 0.073000 ms MarkObjects: 2.177200 ms  DeleteObjects: 0.103900 ms)

AssetImportParameters requested are different than current active one (requested -> active):
  custom:framework-win-MediaFoundation: 216162199b28c13a410421893ffa2e32 -> 
  custom:video-decoder-ogg-theora: a1e56fd34408186e4bbccfd4996cb3dc -> 
  custom:container-muxer-webm: aa71ff27fc2769a1b78a27578f13a17b -> 
  custom:container-demuxer-webm: 4f35f7cbe854078d1ac9338744f61a02 -> 
  custom:container-demuxer-ogg: 62fdf1f143b41e24485cea50d1cbac27 -> 
  custom:video-encoder-webm-vp8: eb34c28f22e8b96e1ab97ce403110664 -> 
  custom:video-decoder-webm-vp8: 9c59270c3fd7afecdb556c50c9e8de78 -> 
  custom:audio-decoder-ogg-vorbis: bf7c407c2cedff20999df2af8eb42d56 -> 
  custom:audio-encoder-webm-vorbis: bf7c407c2cedff20999df2af8eb42d56 -> 
AssetImportWorkerClient::OnTransportError - code=2 error=End of file
